<?xml version="1.0" encoding="UTF-8"?>
<!-- Generated by org.testng.reporters.JUnitXMLReporter -->
<testsuite ignored="0" hostname="DESKTOP-E90QC01" failures="0" tests="4" name="Default test" time="0.055" errors="0" timestamp="2024-09-19T13:22:48 IST">
  <testcase classname="com.test.TestNGFeatures" name="LoginTest" time="0.013"/>
  <testcase classname="com.test.TestNGFeatures" name="SearhcPage" time="0.002"/>
  <testcase classname="com.test.TestNGFeatures" name="HomePage" time="0.001"/>
  <testcase classname="com.test.TestNGFeatures" name="RegPageTest" time="0.001"/>
</testsuite> <!-- Default test -->
