<?xml version="1.0" encoding="UTF-8"?>
<testng-results ignored="0" total="4" passed="4" failed="0" skipped="0">
  <reporter-output>
  </reporter-output>
  <suite started-at="2024-09-19T13:22:48 IST" name="Default suite" finished-at="2024-09-19T13:22:48 IST" duration-ms="55">
    <groups>
    </groups>
    <test started-at="2024-09-19T13:22:48 IST" name="Default test" finished-at="2024-09-19T13:22:48 IST" duration-ms="55">
      <class name="com.test.TestNGFeatures">
        <test-method signature="LoginTest()[pri:0, instance:com.test.TestNGFeatures@1afd44cb]" started-at="2024-09-19T13:22:48 IST" name="LoginTest" finished-at="2024-09-19T13:22:48 IST" duration-ms="13" status="PASS">
          <reporter-output>
          </reporter-output>
        </test-method> <!-- LoginTest -->
        <test-method signature="SearhcPage()[pri:0, instance:com.test.TestNGFeatures@1afd44cb]" started-at="2024-09-19T13:22:48 IST" name="SearhcPage" finished-at="2024-09-19T13:22:48 IST" duration-ms="2" status="PASS">
          <reporter-output>
          </reporter-output>
        </test-method> <!-- SearhcPage -->
        <test-method signature="HomePage()[pri:0, instance:com.test.TestNGFeatures@1afd44cb]" started-at="2024-09-19T13:22:48 IST" name="HomePage" finished-at="2024-09-19T13:22:48 IST" depends-on-methods="com.test.TestNGFeatures.LoginTest" duration-ms="1" status="PASS">
          <reporter-output>
          </reporter-output>
        </test-method> <!-- HomePage -->
        <test-method signature="RegPageTest()[pri:0, instance:com.test.TestNGFeatures@1afd44cb]" started-at="2024-09-19T13:22:48 IST" name="RegPageTest" finished-at="2024-09-19T13:22:48 IST" depends-on-methods="com.test.TestNGFeatures.LoginTest" duration-ms="1" status="PASS">
          <reporter-output>
          </reporter-output>
        </test-method> <!-- RegPageTest -->
      </class> <!-- com.test.TestNGFeatures -->
    </test> <!-- Default test -->
  </suite> <!-- Default suite -->
</testng-results>
